<?xml version="1.0" encoding="UTF-8"?>
<!-- Generated by org.testng.reporters.JUnitXMLReporter -->
<testsuite ignored="1" hostname="Tech04" failures="0" tests="1" name="Default test" time="5.328" errors="0" timestamp="2021-05-29T19:54:16 IST">
  <testcase classname="storyLTD.Login" name="loginWithCredentials" time="5.252"/>
  <testcase classname="storyLTD.Login" name="loginWithoutCredentials" time="0.0">
    <ignored/>
  </testcase> <!-- loginWithoutCredentials -->
</testsuite> <!-- Default test -->
