<?xml version="1.0" encoding="UTF-8"?>
<testng-results ignored="1" total="2" passed="1" failed="0" skipped="0">
  <reporter-output>
  </reporter-output>
  <suite started-at="2021-06-15T17:25:34 IST" name="Default suite" finished-at="2021-06-15T17:25:38 IST" duration-ms="4191">
    <groups>
    </groups>
    <test started-at="2021-06-15T17:25:34 IST" name="Default test" finished-at="2021-06-15T17:25:38 IST" duration-ms="4191">
      <class name="storyLTD.Login">
        <test-method signature="loginWithCredentials()[pri:0, instance:storyLTD.Login@3c321bdb]" started-at="2021-06-15T17:25:34 IST" name="loginWithCredentials" finished-at="2021-06-15T17:25:38 IST" duration-ms="4113" status="PASS">
          <reporter-output>
          </reporter-output>
        </test-method> <!-- loginWithCredentials -->
      </class> <!-- storyLTD.Login -->
    </test> <!-- Default test -->
  </suite> <!-- Default suite -->
</testng-results>
